{
  "uid" : "d4c41449ea9ef3bb",
  "name" : "test_ziduanguanli[excel_data10]",
  "fullName" : "testcase.test_fieldmanage.TestFieldManage#test_ziduanguanli",
  "historyId" : "5bb8f238003fe31bd191622e765fc6aa",
  "time" : {
    "start" : 1640263749598,
    "stop" : 1640263761890,
    "duration" : 12292
  },
  "status" : "broken",
  "statusMessage" : "selenium.common.exceptions.NoSuchElementException: Message: no such element: Unable to locate element: {\"method\":\"xpath\",\"selector\":\"//*[@id=\"appMain\"]/div/div[1]/div/div[2]/div[1]/span[2]\"}\n  (Session info: chrome=96.0.4664.110)\nStacktrace:\nBacktrace:\n\tOrdinal0 [0x00936903+2517251]\n\tOrdinal0 [0x008CF8E1+2095329]\n\tOrdinal0 [0x007D2848+1058888]\n\tOrdinal0 [0x007FD448+1233992]\n\tOrdinal0 [0x007FD63B+1234491]\n\tOrdinal0 [0x00827812+1406994]\n\tOrdinal0 [0x0081650A+1336586]\n\tOrdinal0 [0x00825BBF+1399743]\n\tOrdinal0 [0x0081639B+1336219]\n\tOrdinal0 [0x007F27A7+1189799]\n\tOrdinal0 [0x007F3609+1193481]\n\tGetHandleVerifier [0x00AC5904+1577972]\n\tGetHandleVerifier [0x00B70B97+2279047]\n\tGetHandleVerifier [0x009C6D09+534521]\n\tGetHandleVerifier [0x009C5DB9+530601]\n\tOrdinal0 [0x008D4FF9+2117625]\n\tOrdinal0 [0x008D98A8+2136232]\n\tOrdinal0 [0x008D99E2+2136546]\n\tOrdinal0 [0x008E3541+2176321]\n\tBaseThreadInitThunk [0x760BFA29+25]\n\tRtlGetAppContainerNamedObjectPath [0x77E17A9E+286]\n\tRtlGetAppContainerNamedObjectPath [0x77E17A6E+238]",
  "statusTrace" : "self = <testcase.test_fieldmanage.TestFieldManage object at 0x0000026CD54D0A00>\nexcel_data = {'action': '[[\"click()\"]]', 'assertparam': '[By.XPATH,\\'//*[@id=\"appMain\"]/div/div[1]/div/div[2]/div[1]/span[2]\\']', 'assertresult': '共23条', 'function': '查看总计', ...}\nstart = <selenium.webdriver.chrome.webdriver.WebDriver (session=\"b1cc36c538ea525fc171c77b92896ef6\")>\n\n    def test_ziduanguanli(self,excel_data,start):\n        self.driver = start\n        testdata = excel_data\n        Log.info(testdata)\n        # 等待页面菜单加载，否则容易出现菜单点击不到\n        sleep(1)\n        #点击线索中心\n        Page(self.driver).wait_until_presence(self.driver, FieldManagePage(self.driver).cluecenterbtn)\n        FieldManagePage(self.driver).cluecenter_page()\n        #sleep(1)\n        Page(self.driver).wait_until_presence(self.driver,FieldManagePage(self.driver).fieldmanagebtn)\n        sleep(0.5)\n        #点击字段管理\n        FieldManagePage(self.driver).fieldmanage_page()\n        #循环执行excel中的元素和action\n        for i in range(len(eval(testdata[\"param\"]))):\n            Page(self.driver).wait_until_clickable(self.driver, eval(testdata[\"param\"])[i])\n            Page(self.driver).find_element_action(eval(testdata[\"action\"])[i],*(eval(testdata[\"param\"])[i]))\n        #元素点击完毕后开始断言\n        Page(self.driver).wait_until_presence(self.driver, eval(testdata[\"assertparam\"]))\n        sleep(0.5)\n>       result = Page(self.driver).find_element(*eval(testdata[\"assertparam\"])).text\n\ntest_fieldmanage.py:48: \n_ _ _ _ _ _ _ _ _ _ _ _ _ _ _ _ _ _ _ _ _ _ _ _ _ _ _ _ _ _ _ _ _ _ _ _ _ _ _ _\n..\\common\\page.py:52: in find_element\n    return self.driver.find_element(*loc)\nD:\\python3.9\\lib\\site-packages\\selenium\\webdriver\\remote\\webdriver.py:1244: in find_element\n    return self.execute(Command.FIND_ELEMENT, {\nD:\\python3.9\\lib\\site-packages\\selenium\\webdriver\\remote\\webdriver.py:424: in execute\n    self.error_handler.check_response(response)\n_ _ _ _ _ _ _ _ _ _ _ _ _ _ _ _ _ _ _ _ _ _ _ _ _ _ _ _ _ _ _ _ _ _ _ _ _ _ _ _\n\nself = <selenium.webdriver.remote.errorhandler.ErrorHandler object at 0x0000026CD5E0E910>\nresponse = {'status': 404, 'value': '{\"value\":{\"error\":\"no such element\",\"message\":\"no such element: Unable to locate element: {\\...\\n\\\\tRtlGetAppContainerNamedObjectPath [0x77E17A9E+286]\\\\n\\\\tRtlGetAppContainerNamedObjectPath [0x77E17A6E+238]\\\\n\"}}'}\n\n    def check_response(self, response: Dict[str, Any]) -> None:\n        \"\"\"\n        Checks that a JSON response from the WebDriver does not have an error.\n    \n        :Args:\n         - response - The JSON response from the WebDriver server as a dictionary\n           object.\n    \n        :Raises: If the response contains an error message.\n        \"\"\"\n        status = response.get('status', None)\n        if not status or status == ErrorCode.SUCCESS:\n            return\n        value = None\n        message = response.get(\"message\", \"\")\n        screen: str = response.get(\"screen\", \"\")\n        stacktrace = None\n        if isinstance(status, int):\n            value_json = response.get('value', None)\n            if value_json and isinstance(value_json, str):\n                import json\n                try:\n                    value = json.loads(value_json)\n                    if len(value.keys()) == 1:\n                        value = value['value']\n                    status = value.get('error', None)\n                    if not status:\n                        status = value.get(\"status\", ErrorCode.UNKNOWN_ERROR)\n                        message = value.get(\"value\") or value.get(\"message\")\n                        if not isinstance(message, str):\n                            value = message\n                            message = message.get('message')\n                    else:\n                        message = value.get('message', None)\n                except ValueError:\n                    pass\n    \n        exception_class: Type[WebDriverException]\n        if status in ErrorCode.NO_SUCH_ELEMENT:\n            exception_class = NoSuchElementException\n        elif status in ErrorCode.NO_SUCH_FRAME:\n            exception_class = NoSuchFrameException\n        elif status in ErrorCode.NO_SUCH_SHADOW_ROOT:\n            exception_class = NoSuchShadowRootException\n        elif status in ErrorCode.NO_SUCH_WINDOW:\n            exception_class = NoSuchWindowException\n        elif status in ErrorCode.STALE_ELEMENT_REFERENCE:\n            exception_class = StaleElementReferenceException\n        elif status in ErrorCode.ELEMENT_NOT_VISIBLE:\n            exception_class = ElementNotVisibleException\n        elif status in ErrorCode.INVALID_ELEMENT_STATE:\n            exception_class = InvalidElementStateException\n        elif status in ErrorCode.INVALID_SELECTOR \\\n                or status in ErrorCode.INVALID_XPATH_SELECTOR \\\n                or status in ErrorCode.INVALID_XPATH_SELECTOR_RETURN_TYPER:\n            exception_class = InvalidSelectorException\n        elif status in ErrorCode.ELEMENT_IS_NOT_SELECTABLE:\n            exception_class = ElementNotSelectableException\n        elif status in ErrorCode.ELEMENT_NOT_INTERACTABLE:\n            exception_class = ElementNotInteractableException\n        elif status in ErrorCode.INVALID_COOKIE_DOMAIN:\n            exception_class = InvalidCookieDomainException\n        elif status in ErrorCode.UNABLE_TO_SET_COOKIE:\n            exception_class = UnableToSetCookieException\n        elif status in ErrorCode.TIMEOUT:\n            exception_class = TimeoutException\n        elif status in ErrorCode.SCRIPT_TIMEOUT:\n            exception_class = TimeoutException\n        elif status in ErrorCode.UNKNOWN_ERROR:\n            exception_class = WebDriverException\n        elif status in ErrorCode.UNEXPECTED_ALERT_OPEN:\n            exception_class = UnexpectedAlertPresentException\n        elif status in ErrorCode.NO_ALERT_OPEN:\n            exception_class = NoAlertPresentException\n        elif status in ErrorCode.IME_NOT_AVAILABLE:\n            exception_class = ImeNotAvailableException\n        elif status in ErrorCode.IME_ENGINE_ACTIVATION_FAILED:\n            exception_class = ImeActivationFailedException\n        elif status in ErrorCode.MOVE_TARGET_OUT_OF_BOUNDS:\n            exception_class = MoveTargetOutOfBoundsException\n        elif status in ErrorCode.JAVASCRIPT_ERROR:\n            exception_class = JavascriptException\n        elif status in ErrorCode.SESSION_NOT_CREATED:\n            exception_class = SessionNotCreatedException\n        elif status in ErrorCode.INVALID_ARGUMENT:\n            exception_class = InvalidArgumentException\n        elif status in ErrorCode.NO_SUCH_COOKIE:\n            exception_class = NoSuchCookieException\n        elif status in ErrorCode.UNABLE_TO_CAPTURE_SCREEN:\n            exception_class = ScreenshotException\n        elif status in ErrorCode.ELEMENT_CLICK_INTERCEPTED:\n            exception_class = ElementClickInterceptedException\n        elif status in ErrorCode.INSECURE_CERTIFICATE:\n            exception_class = InsecureCertificateException\n        elif status in ErrorCode.INVALID_COORDINATES:\n            exception_class = InvalidCoordinatesException\n        elif status in ErrorCode.INVALID_SESSION_ID:\n            exception_class = InvalidSessionIdException\n        elif status in ErrorCode.UNKNOWN_METHOD:\n            exception_class = UnknownMethodException\n        else:\n            exception_class = WebDriverException\n        if not value:\n            value = response['value']\n        if isinstance(value, str):\n            raise exception_class(value)\n        if message == \"\" and 'message' in value:\n            message = value['message']\n    \n        screen = None  # type: ignore[assignment]\n        if 'screen' in value:\n            screen = value['screen']\n    \n        stacktrace = None\n        st_value = value.get('stackTrace') or value.get('stacktrace')\n        if st_value:\n            if isinstance(st_value, str):\n                stacktrace = st_value.split('\\n')\n            else:\n                stacktrace = []\n                try:\n                    for frame in st_value:\n                        line = self._value_or_default(frame, 'lineNumber', '')\n                        file = self._value_or_default(frame, 'fileName', '<anonymous>')\n                        if line:\n                            file = \"%s:%s\" % (file, line)\n                        meth = self._value_or_default(frame, 'methodName', '<anonymous>')\n                        if 'className' in frame:\n                            meth = \"%s.%s\" % (frame['className'], meth)\n                        msg = \"    at %s (%s)\"\n                        msg = msg % (meth, file)\n                        stacktrace.append(msg)\n                except TypeError:\n                    pass\n        if exception_class == UnexpectedAlertPresentException:\n            alert_text = None\n            if 'data' in value:\n                alert_text = value['data'].get('text')\n            elif 'alert' in value:\n                alert_text = value['alert'].get('text')\n            raise exception_class(message, screen, stacktrace, alert_text)  # type: ignore[call-arg]  # mypy is not smart enough here\n>       raise exception_class(message, screen, stacktrace)\nE       selenium.common.exceptions.NoSuchElementException: Message: no such element: Unable to locate element: {\"method\":\"xpath\",\"selector\":\"//*[@id=\"appMain\"]/div/div[1]/div/div[2]/div[1]/span[2]\"}\nE         (Session info: chrome=96.0.4664.110)\nE       Stacktrace:\nE       Backtrace:\nE       \tOrdinal0 [0x00936903+2517251]\nE       \tOrdinal0 [0x008CF8E1+2095329]\nE       \tOrdinal0 [0x007D2848+1058888]\nE       \tOrdinal0 [0x007FD448+1233992]\nE       \tOrdinal0 [0x007FD63B+1234491]\nE       \tOrdinal0 [0x00827812+1406994]\nE       \tOrdinal0 [0x0081650A+1336586]\nE       \tOrdinal0 [0x00825BBF+1399743]\nE       \tOrdinal0 [0x0081639B+1336219]\nE       \tOrdinal0 [0x007F27A7+1189799]\nE       \tOrdinal0 [0x007F3609+1193481]\nE       \tGetHandleVerifier [0x00AC5904+1577972]\nE       \tGetHandleVerifier [0x00B70B97+2279047]\nE       \tGetHandleVerifier [0x009C6D09+534521]\nE       \tGetHandleVerifier [0x009C5DB9+530601]\nE       \tOrdinal0 [0x008D4FF9+2117625]\nE       \tOrdinal0 [0x008D98A8+2136232]\nE       \tOrdinal0 [0x008D99E2+2136546]\nE       \tOrdinal0 [0x008E3541+2176321]\nE       \tBaseThreadInitThunk [0x760BFA29+25]\nE       \tRtlGetAppContainerNamedObjectPath [0x77E17A9E+286]\nE       \tRtlGetAppContainerNamedObjectPath [0x77E17A6E+238]\n\nD:\\python3.9\\lib\\site-packages\\selenium\\webdriver\\remote\\errorhandler.py:247: NoSuchElementException",
  "flaky" : false,
  "newFailed" : false,
  "newBroken" : false,
  "newPassed" : false,
  "retriesCount" : 0,
  "retriesStatusChange" : false,
  "beforeStages" : [ {
    "name" : "tttaaa",
    "time" : {
      "start" : 1640263746228,
      "stop" : 1640263746228,
      "duration" : 0
    },
    "status" : "passed",
    "steps" : [ ],
    "attachments" : [ ],
    "parameters" : [ ],
    "stepsCount" : 0,
    "hasContent" : false,
    "attachmentsCount" : 0,
    "shouldDisplayMessage" : false
  }, {
    "name" : "start",
    "time" : {
      "start" : 1640263746228,
      "stop" : 1640263749598,
      "duration" : 3370
    },
    "status" : "passed",
    "steps" : [ ],
    "attachments" : [ ],
    "parameters" : [ ],
    "stepsCount" : 0,
    "hasContent" : false,
    "attachmentsCount" : 0,
    "shouldDisplayMessage" : false
  }, {
    "name" : "excel_data",
    "time" : {
      "start" : 1640263749598,
      "stop" : 1640263749598,
      "duration" : 0
    },
    "status" : "passed",
    "steps" : [ ],
    "attachments" : [ ],
    "parameters" : [ ],
    "stepsCount" : 0,
    "hasContent" : false,
    "attachmentsCount" : 0,
    "shouldDisplayMessage" : false
  } ],
  "testStage" : {
    "status" : "broken",
    "statusMessage" : "selenium.common.exceptions.NoSuchElementException: Message: no such element: Unable to locate element: {\"method\":\"xpath\",\"selector\":\"//*[@id=\"appMain\"]/div/div[1]/div/div[2]/div[1]/span[2]\"}\n  (Session info: chrome=96.0.4664.110)\nStacktrace:\nBacktrace:\n\tOrdinal0 [0x00936903+2517251]\n\tOrdinal0 [0x008CF8E1+2095329]\n\tOrdinal0 [0x007D2848+1058888]\n\tOrdinal0 [0x007FD448+1233992]\n\tOrdinal0 [0x007FD63B+1234491]\n\tOrdinal0 [0x00827812+1406994]\n\tOrdinal0 [0x0081650A+1336586]\n\tOrdinal0 [0x00825BBF+1399743]\n\tOrdinal0 [0x0081639B+1336219]\n\tOrdinal0 [0x007F27A7+1189799]\n\tOrdinal0 [0x007F3609+1193481]\n\tGetHandleVerifier [0x00AC5904+1577972]\n\tGetHandleVerifier [0x00B70B97+2279047]\n\tGetHandleVerifier [0x009C6D09+534521]\n\tGetHandleVerifier [0x009C5DB9+530601]\n\tOrdinal0 [0x008D4FF9+2117625]\n\tOrdinal0 [0x008D98A8+2136232]\n\tOrdinal0 [0x008D99E2+2136546]\n\tOrdinal0 [0x008E3541+2176321]\n\tBaseThreadInitThunk [0x760BFA29+25]\n\tRtlGetAppContainerNamedObjectPath [0x77E17A9E+286]\n\tRtlGetAppContainerNamedObjectPath [0x77E17A6E+238]",
    "statusTrace" : "self = <testcase.test_fieldmanage.TestFieldManage object at 0x0000026CD54D0A00>\nexcel_data = {'action': '[[\"click()\"]]', 'assertparam': '[By.XPATH,\\'//*[@id=\"appMain\"]/div/div[1]/div/div[2]/div[1]/span[2]\\']', 'assertresult': '共23条', 'function': '查看总计', ...}\nstart = <selenium.webdriver.chrome.webdriver.WebDriver (session=\"b1cc36c538ea525fc171c77b92896ef6\")>\n\n    def test_ziduanguanli(self,excel_data,start):\n        self.driver = start\n        testdata = excel_data\n        Log.info(testdata)\n        # 等待页面菜单加载，否则容易出现菜单点击不到\n        sleep(1)\n        #点击线索中心\n        Page(self.driver).wait_until_presence(self.driver, FieldManagePage(self.driver).cluecenterbtn)\n        FieldManagePage(self.driver).cluecenter_page()\n        #sleep(1)\n        Page(self.driver).wait_until_presence(self.driver,FieldManagePage(self.driver).fieldmanagebtn)\n        sleep(0.5)\n        #点击字段管理\n        FieldManagePage(self.driver).fieldmanage_page()\n        #循环执行excel中的元素和action\n        for i in range(len(eval(testdata[\"param\"]))):\n            Page(self.driver).wait_until_clickable(self.driver, eval(testdata[\"param\"])[i])\n            Page(self.driver).find_element_action(eval(testdata[\"action\"])[i],*(eval(testdata[\"param\"])[i]))\n        #元素点击完毕后开始断言\n        Page(self.driver).wait_until_presence(self.driver, eval(testdata[\"assertparam\"]))\n        sleep(0.5)\n>       result = Page(self.driver).find_element(*eval(testdata[\"assertparam\"])).text\n\ntest_fieldmanage.py:48: \n_ _ _ _ _ _ _ _ _ _ _ _ _ _ _ _ _ _ _ _ _ _ _ _ _ _ _ _ _ _ _ _ _ _ _ _ _ _ _ _\n..\\common\\page.py:52: in find_element\n    return self.driver.find_element(*loc)\nD:\\python3.9\\lib\\site-packages\\selenium\\webdriver\\remote\\webdriver.py:1244: in find_element\n    return self.execute(Command.FIND_ELEMENT, {\nD:\\python3.9\\lib\\site-packages\\selenium\\webdriver\\remote\\webdriver.py:424: in execute\n    self.error_handler.check_response(response)\n_ _ _ _ _ _ _ _ _ _ _ _ _ _ _ _ _ _ _ _ _ _ _ _ _ _ _ _ _ _ _ _ _ _ _ _ _ _ _ _\n\nself = <selenium.webdriver.remote.errorhandler.ErrorHandler object at 0x0000026CD5E0E910>\nresponse = {'status': 404, 'value': '{\"value\":{\"error\":\"no such element\",\"message\":\"no such element: Unable to locate element: {\\...\\n\\\\tRtlGetAppContainerNamedObjectPath [0x77E17A9E+286]\\\\n\\\\tRtlGetAppContainerNamedObjectPath [0x77E17A6E+238]\\\\n\"}}'}\n\n    def check_response(self, response: Dict[str, Any]) -> None:\n        \"\"\"\n        Checks that a JSON response from the WebDriver does not have an error.\n    \n        :Args:\n         - response - The JSON response from the WebDriver server as a dictionary\n           object.\n    \n        :Raises: If the response contains an error message.\n        \"\"\"\n        status = response.get('status', None)\n        if not status or status == ErrorCode.SUCCESS:\n            return\n        value = None\n        message = response.get(\"message\", \"\")\n        screen: str = response.get(\"screen\", \"\")\n        stacktrace = None\n        if isinstance(status, int):\n            value_json = response.get('value', None)\n            if value_json and isinstance(value_json, str):\n                import json\n                try:\n                    value = json.loads(value_json)\n                    if len(value.keys()) == 1:\n                        value = value['value']\n                    status = value.get('error', None)\n                    if not status:\n                        status = value.get(\"status\", ErrorCode.UNKNOWN_ERROR)\n                        message = value.get(\"value\") or value.get(\"message\")\n                        if not isinstance(message, str):\n                            value = message\n                            message = message.get('message')\n                    else:\n                        message = value.get('message', None)\n                except ValueError:\n                    pass\n    \n        exception_class: Type[WebDriverException]\n        if status in ErrorCode.NO_SUCH_ELEMENT:\n            exception_class = NoSuchElementException\n        elif status in ErrorCode.NO_SUCH_FRAME:\n            exception_class = NoSuchFrameException\n        elif status in ErrorCode.NO_SUCH_SHADOW_ROOT:\n            exception_class = NoSuchShadowRootException\n        elif status in ErrorCode.NO_SUCH_WINDOW:\n            exception_class = NoSuchWindowException\n        elif status in ErrorCode.STALE_ELEMENT_REFERENCE:\n            exception_class = StaleElementReferenceException\n        elif status in ErrorCode.ELEMENT_NOT_VISIBLE:\n            exception_class = ElementNotVisibleException\n        elif status in ErrorCode.INVALID_ELEMENT_STATE:\n            exception_class = InvalidElementStateException\n        elif status in ErrorCode.INVALID_SELECTOR \\\n                or status in ErrorCode.INVALID_XPATH_SELECTOR \\\n                or status in ErrorCode.INVALID_XPATH_SELECTOR_RETURN_TYPER:\n            exception_class = InvalidSelectorException\n        elif status in ErrorCode.ELEMENT_IS_NOT_SELECTABLE:\n            exception_class = ElementNotSelectableException\n        elif status in ErrorCode.ELEMENT_NOT_INTERACTABLE:\n            exception_class = ElementNotInteractableException\n        elif status in ErrorCode.INVALID_COOKIE_DOMAIN:\n            exception_class = InvalidCookieDomainException\n        elif status in ErrorCode.UNABLE_TO_SET_COOKIE:\n            exception_class = UnableToSetCookieException\n        elif status in ErrorCode.TIMEOUT:\n            exception_class = TimeoutException\n        elif status in ErrorCode.SCRIPT_TIMEOUT:\n            exception_class = TimeoutException\n        elif status in ErrorCode.UNKNOWN_ERROR:\n            exception_class = WebDriverException\n        elif status in ErrorCode.UNEXPECTED_ALERT_OPEN:\n            exception_class = UnexpectedAlertPresentException\n        elif status in ErrorCode.NO_ALERT_OPEN:\n            exception_class = NoAlertPresentException\n        elif status in ErrorCode.IME_NOT_AVAILABLE:\n            exception_class = ImeNotAvailableException\n        elif status in ErrorCode.IME_ENGINE_ACTIVATION_FAILED:\n            exception_class = ImeActivationFailedException\n        elif status in ErrorCode.MOVE_TARGET_OUT_OF_BOUNDS:\n            exception_class = MoveTargetOutOfBoundsException\n        elif status in ErrorCode.JAVASCRIPT_ERROR:\n            exception_class = JavascriptException\n        elif status in ErrorCode.SESSION_NOT_CREATED:\n            exception_class = SessionNotCreatedException\n        elif status in ErrorCode.INVALID_ARGUMENT:\n            exception_class = InvalidArgumentException\n        elif status in ErrorCode.NO_SUCH_COOKIE:\n            exception_class = NoSuchCookieException\n        elif status in ErrorCode.UNABLE_TO_CAPTURE_SCREEN:\n            exception_class = ScreenshotException\n        elif status in ErrorCode.ELEMENT_CLICK_INTERCEPTED:\n            exception_class = ElementClickInterceptedException\n        elif status in ErrorCode.INSECURE_CERTIFICATE:\n            exception_class = InsecureCertificateException\n        elif status in ErrorCode.INVALID_COORDINATES:\n            exception_class = InvalidCoordinatesException\n        elif status in ErrorCode.INVALID_SESSION_ID:\n            exception_class = InvalidSessionIdException\n        elif status in ErrorCode.UNKNOWN_METHOD:\n            exception_class = UnknownMethodException\n        else:\n            exception_class = WebDriverException\n        if not value:\n            value = response['value']\n        if isinstance(value, str):\n            raise exception_class(value)\n        if message == \"\" and 'message' in value:\n            message = value['message']\n    \n        screen = None  # type: ignore[assignment]\n        if 'screen' in value:\n            screen = value['screen']\n    \n        stacktrace = None\n        st_value = value.get('stackTrace') or value.get('stacktrace')\n        if st_value:\n            if isinstance(st_value, str):\n                stacktrace = st_value.split('\\n')\n            else:\n                stacktrace = []\n                try:\n                    for frame in st_value:\n                        line = self._value_or_default(frame, 'lineNumber', '')\n                        file = self._value_or_default(frame, 'fileName', '<anonymous>')\n                        if line:\n                            file = \"%s:%s\" % (file, line)\n                        meth = self._value_or_default(frame, 'methodName', '<anonymous>')\n                        if 'className' in frame:\n                            meth = \"%s.%s\" % (frame['className'], meth)\n                        msg = \"    at %s (%s)\"\n                        msg = msg % (meth, file)\n                        stacktrace.append(msg)\n                except TypeError:\n                    pass\n        if exception_class == UnexpectedAlertPresentException:\n            alert_text = None\n            if 'data' in value:\n                alert_text = value['data'].get('text')\n            elif 'alert' in value:\n                alert_text = value['alert'].get('text')\n            raise exception_class(message, screen, stacktrace, alert_text)  # type: ignore[call-arg]  # mypy is not smart enough here\n>       raise exception_class(message, screen, stacktrace)\nE       selenium.common.exceptions.NoSuchElementException: Message: no such element: Unable to locate element: {\"method\":\"xpath\",\"selector\":\"//*[@id=\"appMain\"]/div/div[1]/div/div[2]/div[1]/span[2]\"}\nE         (Session info: chrome=96.0.4664.110)\nE       Stacktrace:\nE       Backtrace:\nE       \tOrdinal0 [0x00936903+2517251]\nE       \tOrdinal0 [0x008CF8E1+2095329]\nE       \tOrdinal0 [0x007D2848+1058888]\nE       \tOrdinal0 [0x007FD448+1233992]\nE       \tOrdinal0 [0x007FD63B+1234491]\nE       \tOrdinal0 [0x00827812+1406994]\nE       \tOrdinal0 [0x0081650A+1336586]\nE       \tOrdinal0 [0x00825BBF+1399743]\nE       \tOrdinal0 [0x0081639B+1336219]\nE       \tOrdinal0 [0x007F27A7+1189799]\nE       \tOrdinal0 [0x007F3609+1193481]\nE       \tGetHandleVerifier [0x00AC5904+1577972]\nE       \tGetHandleVerifier [0x00B70B97+2279047]\nE       \tGetHandleVerifier [0x009C6D09+534521]\nE       \tGetHandleVerifier [0x009C5DB9+530601]\nE       \tOrdinal0 [0x008D4FF9+2117625]\nE       \tOrdinal0 [0x008D98A8+2136232]\nE       \tOrdinal0 [0x008D99E2+2136546]\nE       \tOrdinal0 [0x008E3541+2176321]\nE       \tBaseThreadInitThunk [0x760BFA29+25]\nE       \tRtlGetAppContainerNamedObjectPath [0x77E17A9E+286]\nE       \tRtlGetAppContainerNamedObjectPath [0x77E17A6E+238]\n\nD:\\python3.9\\lib\\site-packages\\selenium\\webdriver\\remote\\errorhandler.py:247: NoSuchElementException",
    "steps" : [ {
      "name" : "添加失败截图...",
      "time" : {
        "start" : 1640263761928,
        "stop" : 1640263762103,
        "duration" : 175
      },
      "status" : "passed",
      "steps" : [ ],
      "attachments" : [ {
        "uid" : "c904cc94826090a4",
        "name" : "失败截图",
        "source" : "c904cc94826090a4.png",
        "type" : "image/png",
        "size" : 123318
      } ],
      "parameters" : [ ],
      "stepsCount" : 0,
      "hasContent" : true,
      "attachmentsCount" : 1,
      "shouldDisplayMessage" : false
    } ],
    "attachments" : [ {
      "uid" : "2ee27a439e4ac589",
      "name" : "log",
      "source" : "2ee27a439e4ac589.txt",
      "type" : "text/plain",
      "size" : 59122
    } ],
    "parameters" : [ ],
    "stepsCount" : 1,
    "hasContent" : true,
    "attachmentsCount" : 2,
    "shouldDisplayMessage" : true
  },
  "afterStages" : [ {
    "name" : "start::0",
    "time" : {
      "start" : 1640263762103,
      "stop" : 1640263764240,
      "duration" : 2137
    },
    "status" : "passed",
    "steps" : [ ],
    "attachments" : [ ],
    "parameters" : [ ],
    "stepsCount" : 0,
    "hasContent" : false,
    "attachmentsCount" : 0,
    "shouldDisplayMessage" : false
  } ],
  "labels" : [ {
    "name" : "parentSuite",
    "value" : "testcase"
  }, {
    "name" : "suite",
    "value" : "test_fieldmanage"
  }, {
    "name" : "subSuite",
    "value" : "TestFieldManage"
  }, {
    "name" : "host",
    "value" : "zhou"
  }, {
    "name" : "thread",
    "value" : "21564-MainThread"
  }, {
    "name" : "framework",
    "value" : "pytest"
  }, {
    "name" : "language",
    "value" : "cpython3"
  }, {
    "name" : "package",
    "value" : "testcase.test_fieldmanage"
  }, {
    "name" : "resultFormat",
    "value" : "allure2"
  } ],
  "parameters" : [ {
    "name" : "excel_data",
    "value" : "{'id': 11, 'module': '字段管理', 'function': '查看总计', 'param': '[[By.XPATH,\\'//*[@id=\"appMain\"]/div/div[1]/div/div[2]/div[1]/span\\']]', 'action': '[[\"click()\"]]', 'assertparam': '[By.XPATH,\\'//*[@id=\"appMain\"]/div/div[1]/div/div[2]/div[1]/span[2]\\']', 'assertresult': '共23条'}"
  } ],
  "links" : [ ],
  "hidden" : false,
  "retry" : false,
  "extra" : {
    "severity" : "normal",
    "retries" : [ ],
    "categories" : [ {
      "name" : "Test defects",
      "matchedStatuses" : [ ],
      "flaky" : false
    } ],
    "tags" : [ ]
  },
  "source" : "d4c41449ea9ef3bb.json",
  "parameterValues" : [ "{'id': 11, 'module': '字段管理', 'function': '查看总计', 'param': '[[By.XPATH,\\'//*[@id=\"appMain\"]/div/div[1]/div/div[2]/div[1]/span\\']]', 'action': '[[\"click()\"]]', 'assertparam': '[By.XPATH,\\'//*[@id=\"appMain\"]/div/div[1]/div/div[2]/div[1]/span[2]\\']', 'assertresult': '共23条'}" ]
}